
> build
> react-router build

vite v6.4.2 building for production...
transforming...
✓ 84 modules transformed.
rendering chunks...
computing gzip size...
build/client/.vite/manifest.json                  3.07 kB │ gzip:   0.59 kB
build/client/assets/root-L5U3ZwmS.css            46.03 kB │ gzip:   7.66 kB
build/client/assets/Navbar-BKxXgP-L.js            0.32 kB │ gzip:   0.24 kB
build/client/assets/wipe-LmPyiYro.js              1.00 kB │ gzip:   0.58 kB
build/client/assets/auth-DlRRiiRd.js              1.23 kB │ gzip:   0.63 kB
build/client/assets/root-BzDLlo9-.js              1.24 kB │ gzip:   0.70 kB
build/client/assets/home-BeDmELSB.js              4.35 kB │ gzip:   1.96 kB
build/client/assets/puter-CSUjWRH9.js             4.58 kB │ gzip:   1.33 kB
build/client/assets/resume-Po5r02tQ.js           10.28 kB │ gzip:   3.46 kB
build/client/assets/utils-BUwKvBj1.js            26.91 kB │ gzip:   8.56 kB
build/client/assets/upload-Cra3xaGq.js           71.13 kB │ gzip:  20.82 kB
build/client/assets/chunk-EVOBXE3Y-D41mTY7I.js  128.34 kB │ gzip:  43.04 kB
build/client/assets/entry.client-DRO3bFVT.js    191.55 kB │ gzip:  60.25 kB
build/client/assets/pdf-Vuf_RiOE.js             453.36 kB │ gzip: 135.11 kB
✓ built in 2.58s
vite v6.4.2 building SSR bundle for production...
transforming...
"default" is imported from external module "react" but never used in "app/components/ATS.tsx" and "app/components/Accordion.tsx".
✓ 24 modules transformed.
rendering chunks...
build/server/.vite/manifest.json                0.23 kB
build/server/assets/server-build-L5U3ZwmS.css  46.03 kB
build/server/index.js                          61.41 kB

✓ 1 asset cleaned from React Router server build.
build/server/assets/server-build-L5U3ZwmS.css

✓ built in 308ms
